SF:C:\Dev\SecureFileUploadGateway\GatewayToS3Function\Function.cs
FN:14,MindTouch.LambdaSharp.LambdaConfig SecureFileUploadGateway.GatewayToS3Function.Function::get__config()
FNDA:22,MindTouch.LambdaSharp.LambdaConfig SecureFileUploadGateway.GatewayToS3Function.Function::get__config()
DA:15,22
FN:25,System.Threading.Tasks.Task SecureFileUploadGateway.GatewayToS3Function.Function::InitializeAsync(MindTouch.LambdaSharp.LambdaConfig)
FNDA:8,System.Threading.Tasks.Task SecureFileUploadGateway.GatewayToS3Function.Function::InitializeAsync(MindTouch.LambdaSharp.LambdaConfig)
DA:26,8
DA:27,8
DA:28,8
DA:29,9
DA:30,1
DA:32,7
DA:33,7
BRDA:28,17,0,0
BRDA:28,17,1,8
BRDA:29,41,0,1
BRDA:29,41,1,7
FN:65,System.ValueTuple`3<System.String,System.Boolean,System.String> SecureFileUploadGateway.GatewayToS3Function.Function::BucketKeyFormat(System.String,System.String)
FNDA:4,System.ValueTuple`3<System.String,System.Boolean,System.String> SecureFileUploadGateway.GatewayToS3Function.Function::BucketKeyFormat(System.String,System.String)
DA:66,4
DA:67,4
DA:68,4
DA:69,5
DA:70,1
DA:73,3
DA:74,4
BRDA:67,7,0,3
BRDA:67,7,1,1
BRDA:69,33,0,1
BRDA:69,33,1,3
FN:75,Amazon.Lambda.APIGatewayEvents.APIGatewayProxyResponse SecureFileUploadGateway.GatewayToS3Function.Function::GatewayProxyResponse(System.Object,System.Int32)
FNDA:5,Amazon.Lambda.APIGatewayEvents.APIGatewayProxyResponse SecureFileUploadGateway.GatewayToS3Function.Function::GatewayProxyResponse(System.Object,System.Int32)
DA:76,5
DA:77,5
DA:78,5
DA:79,5
DA:80,5
DA:81,5
DA:82,5
FN:17,System.Void SecureFileUploadGateway.GatewayToS3Function.Function::.ctor(MindTouch.LambdaSharp.LambdaFunctionConfiguration,Amazon.S3.IAmazonS3)
FNDA:14,System.Void SecureFileUploadGateway.GatewayToS3Function.Function::.ctor(MindTouch.LambdaSharp.LambdaFunctionConfiguration,Amazon.S3.IAmazonS3)
DA:18,14
DA:19,7
DA:20,7
FN:22,System.Void SecureFileUploadGateway.GatewayToS3Function.Function::.ctor()
FNDA:1,System.Void SecureFileUploadGateway.GatewayToS3Function.Function::.ctor()
DA:23,1
FN:34,System.Void SecureFileUploadGateway.GatewayToS3Function.Function/<ProcessMessageAsync>d__8::MoveNext()
FNDA:6,System.Void SecureFileUploadGateway.GatewayToS3Function.Function/<ProcessMessageAsync>d__8::MoveNext()
DA:35,6
DA:36,6
DA:37,7
DA:38,1
DA:40,5
DA:41,5
DA:42,7
DA:43,3
DA:44,1
DA:46,1
DA:47,1
DA:48,4
DA:49,4
DA:50,4
DA:51,5
DA:52,1
DA:54,3
DA:55,3
DA:56,3
DA:57,3
DA:58,3
DA:59,2
DA:60,2
DA:61,2
DA:62,2
DA:63,2
DA:64,5
BRDA:37,67,0,1
BRDA:37,67,1,5
BRDA:41,148,0,2
BRDA:41,148,1,3
BRDA:41,182,0,2
BRDA:43,200,0,1
BRDA:43,200,1,1
BRDA:41,182,1,4
BRDA:51,375,0,1
BRDA:51,375,1,3
BRDA:54,510,1,2
LF:53
LH:53
BRF:19
BRH:18
FNF:7
FNH:7
end_of_record