SF:C:\Dev\SecureFileUploadGateway\GatewayToS3Function\Function.cs
FN:13,System.Threading.Tasks.Task SecureFileUploadGateway.GatewayToS3Function.Function::InitializeAsync(MindTouch.LambdaSharp.LambdaConfig)
FNDA:0,System.Threading.Tasks.Task SecureFileUploadGateway.GatewayToS3Function.Function::InitializeAsync(MindTouch.LambdaSharp.LambdaConfig)
DA:14,0
DA:15,0
DA:16,0
DA:17,0
FN:22,System.Void SecureFileUploadGateway.GatewayToS3Function.Function::LogDictionary(System.String,System.Collections.Generic.IDictionary`2<System.String,System.String>)
FNDA:0,System.Void SecureFileUploadGateway.GatewayToS3Function.Function::LogDictionary(System.String,System.Collections.Generic.IDictionary`2<System.String,System.String>)
DA:23,0
DA:24,0
DA:25,0
DA:26,0
DA:27,0
DA:28,0
DA:29,0
BRDA:24,7,0,0
BRDA:25,98,1,0
BRDA:25,98,0,0
BRDA:24,7,1,0
FN:18,System.Void SecureFileUploadGateway.GatewayToS3Function.Function/<ProcessMessageAsync>d__2::MoveNext()
FNDA:0,System.Void SecureFileUploadGateway.GatewayToS3Function.Function/<ProcessMessageAsync>d__2::MoveNext()
DA:19,0
DA:20,0
DA:21,0
BRDA:20,50,0,0
BRDA:20,50,1,0
LF:14
LH:0
BRF:6
BRH:0
FNF:3
FNH:0
end_of_record
SF:C:\Dev\SecureFileUploadGateway\GatewayToS3Function\ProcessData.cs
FN:56,System.ValueTuple`3<System.String,System.Boolean,System.String> SecureFileUploadGateway.GatewayToS3Function.ProcessData::BucketKeyFormat(System.String,System.String)
FNDA:4,System.ValueTuple`3<System.String,System.Boolean,System.String> SecureFileUploadGateway.GatewayToS3Function.ProcessData::BucketKeyFormat(System.String,System.String)
DA:57,4
DA:58,4
DA:59,4
DA:60,5
DA:61,1
DA:63,3
DA:64,4
BRDA:58,7,0,3
BRDA:58,7,1,1
BRDA:60,33,0,1
BRDA:60,33,1,3
FN:65,Amazon.Lambda.APIGatewayEvents.APIGatewayProxyResponse SecureFileUploadGateway.GatewayToS3Function.ProcessData::GatewayProxyResponse(System.Object,System.Int32)
FNDA:5,Amazon.Lambda.APIGatewayEvents.APIGatewayProxyResponse SecureFileUploadGateway.GatewayToS3Function.ProcessData::GatewayProxyResponse(System.Object,System.Int32)
DA:66,5
DA:67,5
DA:68,5
DA:69,5
DA:70,5
DA:71,5
DA:72,5
FN:73,System.String SecureFileUploadGateway.GatewayToS3Function.ProcessData::SerializeJson(System.Object)
FNDA:5,System.String SecureFileUploadGateway.GatewayToS3Function.ProcessData::SerializeJson(System.Object)
DA:74,5
DA:75,5
DA:76,10
DA:77,5
DA:78,5
DA:80,5
FN:18,System.Void SecureFileUploadGateway.GatewayToS3Function.ProcessData::.ctor(MindTouch.LambdaSharp.LambdaConfig,Amazon.S3.AmazonS3Client)
FNDA:12,System.Void SecureFileUploadGateway.GatewayToS3Function.ProcessData::.ctor(MindTouch.LambdaSharp.LambdaConfig,Amazon.S3.AmazonS3Client)
DA:19,12
DA:20,6
DA:21,6
DA:22,6
FN:23,System.Void SecureFileUploadGateway.GatewayToS3Function.ProcessData/<Save>d__3::MoveNext()
FNDA:6,System.Void SecureFileUploadGateway.GatewayToS3Function.ProcessData/<Save>d__3::MoveNext()
DA:24,6
DA:25,6
DA:26,7
DA:27,1
DA:29,5
DA:30,5
DA:31,7
DA:32,3
DA:33,1
DA:36,1
DA:37,1
DA:38,4
DA:39,4
DA:40,4
DA:41,5
DA:42,1
DA:44,3
DA:45,2
DA:46,2
DA:47,2
DA:48,2
DA:49,2
DA:50,2
DA:51,2
DA:52,2
DA:53,2
DA:54,2
DA:55,5
BRDA:26,67,0,1
BRDA:26,67,1,5
BRDA:30,148,0,2
BRDA:30,148,1,3
BRDA:30,182,0,2
BRDA:32,200,0,1
BRDA:32,200,1,1
BRDA:30,182,1,4
BRDA:41,381,0,1
BRDA:41,381,1,3
BRDA:44,429,0,2
BRDA:44,429,1,1
BRDA:45,564,1,2
LF:52
LH:52
BRF:17
BRH:17
FNF:5
FNH:5
end_of_record